<?xml version="1.0" encoding="UTF-8"?>
<!-- Generated by org.testng.reporters.JUnitReportReporter -->
<testsuite hostname="DESKTOP-0VE8HO3" failures="0" tests="3" name="Lms_API.LMS_Post" time="7.564" errors="0" timestamp="2022-03-15T00:02:05 PDT" skipped="0">
  <testcase classname="Lms_API.LMS_Post" name="testPostProgram" time="5.532"/>
  <system-out/>
  <testcase classname="Lms_API.LMS_Post" name="testPostProgram" time="1.006"/>
  <system-out/>
  <testcase classname="Lms_API.LMS_Post" name="testPostProgram" time="1.026"/>
  <system-out/>
</testsuite> <!-- Lms_API.LMS_Post -->
