<?xml version="1.0" encoding="UTF-8"?>
<!-- Generated by org.testng.reporters.JUnitReportReporter -->
<testsuite hostname="DESKTOP-0VE8HO3" failures="0" tests="1" name="Lms_API.Lms_NewPost" time="3.654" errors="0" timestamp="2022-03-14T21:22:55 PDT" skipped="0">
  <testcase classname="Lms_API.Lms_NewPost" name="testPostProgram" time="3.654"/>
  <system-out/>
</testsuite> <!-- Lms_API.Lms_NewPost -->
