<?xml version="1.0" encoding="UTF-8"?>
<!-- Generated by org.testng.reporters.JUnitReportReporter -->
<testsuite hostname="DESKTOP-0VE8HO3" failures="0" tests="4" name="Lms_API.LMS_Delete" time="5.279" errors="0" timestamp="2022-03-15T00:00:41 PDT" skipped="0">
  <testcase classname="Lms_API.LMS_Delete" name="DeleteTest" time="0.728"/>
  <system-out/>
  <testcase classname="Lms_API.LMS_Delete" name="DeleteTest" time="0.743"/>
  <system-out/>
  <testcase classname="Lms_API.LMS_Delete" name="DeleteTest" time="3.042"/>
  <system-out/>
  <testcase classname="Lms_API.LMS_Delete" name="DeleteTest" time="0.766"/>
  <system-out/>
</testsuite> <!-- Lms_API.LMS_Delete -->
