<?xml version="1.0" encoding="UTF-8"?>
<!-- Generated by org.testng.reporters.JUnitReportReporter -->
<testsuite hostname="DESKTOP-0VE8HO3" failures="0" tests="1" name="Lms_API.LMS_Delete" time="0.000" errors="0" timestamp="2022-03-28T15:24:14 PDT" skipped="1">
  <testcase classname="Lms_API.LMS_Delete" name="DeleteTest" time="0.000">
    <skipped/>
  </testcase> <!-- DeleteTest -->
  <system-out/>
</testsuite> <!-- Lms_API.LMS_Delete -->
