<?xml version="1.0" encoding="UTF-8"?>
<!-- Generated by org.testng.reporters.JUnitReportReporter -->
<testsuite hostname="DESKTOP-0VE8HO3" failures="0" tests="3" name="Lms_API.LMS_Put" time="7.566" errors="0" timestamp="2022-03-15T00:02:22 PDT" skipped="0">
  <testcase classname="Lms_API.LMS_Put" name="UpdateTest" time="5.112"/>
  <system-out/>
  <testcase classname="Lms_API.LMS_Put" name="UpdateTest" time="0.896"/>
  <system-out/>
  <testcase classname="Lms_API.LMS_Put" name="UpdateTest" time="1.558"/>
  <system-out/>
</testsuite> <!-- Lms_API.LMS_Put -->
