<?xml version="1.0" encoding="UTF-8"?>
<!-- Generated by org.testng.reporters.JUnitReportReporter -->
<testsuite hostname="DESKTOP-0VE8HO3" failures="0" tests="4" name="Lms_API.LMS_Get" time="6.684" errors="0" timestamp="2022-03-15T00:01:52 PDT" skipped="0">
  <testcase classname="Lms_API.LMS_Get" name="getProgramById" time="0.767"/>
  <system-out/>
  <testcase classname="Lms_API.LMS_Get" name="getProgramById" time="0.777"/>
  <system-out/>
  <testcase classname="Lms_API.LMS_Get" name="getProgramById" time="2.132"/>
  <system-out/>
  <testcase classname="Lms_API.LMS_Get" name="getProgramById" time="3.008"/>
  <system-out/>
</testsuite> <!-- Lms_API.LMS_Get -->
