<?xml version="1.0" encoding="UTF-8"?>
<!-- Generated by org.testng.reporters.JUnitReportReporter -->
<testsuite hostname="DESKTOP-0VE8HO3" failures="0" tests="1" name="Lms_API.LMS_Get" time="31.275" errors="0" timestamp="2022-03-09T23:59:20 PST" skipped="0">
  <testcase classname="Lms_API.LMS_Get" name="getAllPrograms" time="31.275"/>
  <system-out/>
</testsuite> <!-- Lms_API.LMS_Get -->
